<?xml version="1.0" encoding="UTF-8"?>
<testng-results skipped="0" failed="0" ignored="0" total="2" passed="2">
  <reporter-output>
  </reporter-output>
  <suite name="Default suite" duration-ms="16597" started-at="2019-12-01T10:46:21 IST" finished-at="2019-12-01T10:46:37 IST">
    <groups>
    </groups>
    <test name="Default test" duration-ms="16597" started-at="2019-12-01T10:46:21 IST" finished-at="2019-12-01T10:46:37 IST">
      <class name="testing.Demo.App">
        <test-method status="PASS" signature="test1()[pri:0, instance:testing.Demo.App@52feb982]" name="test1" duration-ms="7152" started-at="2019-12-01T10:46:21 IST" finished-at="2019-12-01T10:46:28 IST">
          <reporter-output>
          </reporter-output>
        </test-method> <!-- test1 -->
        <test-method status="PASS" signature="test2()[pri:0, instance:testing.Demo.App@52feb982]" name="test2" duration-ms="9417" started-at="2019-12-01T10:46:28 IST" finished-at="2019-12-01T10:46:37 IST">
          <reporter-output>
          </reporter-output>
        </test-method> <!-- test2 -->
      </class> <!-- testing.Demo.App -->
    </test> <!-- Default test -->
  </suite> <!-- Default suite -->
</testng-results>
